{"level":"debug","time":"2025-03-11T16:41:19.662+0530","caller":"cmd/bin.go:121","msg":"cli os: darwin, cli arch: amd64"}
{"level":"debug","time":"2025-03-11T16:41:20.500+0530","caller":"cmd/bin.go:130","msg":"Upstream version details: {Name:cli Min:0.2.195 Max:0.2.259} "}
{"level":"debug","time":"2025-03-11T16:41:23.875+0530","caller":"core/lifecycle.go:107","msg":"Setting environment"}
{"level":"debug","time":"2025-03-11T16:41:23.876+0530","caller":"core/lifecycle.go:110","msg":"Parsing config"}
{"level":"debug","time":"2025-03-11T16:41:23.877+0530","caller":"yamlconfigmanager/setup.go:693","msg":"Custom location for .hyperexecute.yaml specified. Using: HyperExecute-Yaml/.hyperexecuteMatrix.yaml"}
{"level":"error","time":"2025-03-11T16:41:23.878+0530","caller":"core/lifecycle.go:115","msg":"2025-03-11T16:41:18+05:30    error    \u001b[91mERR::NO::HTY\u001b[0m     Unable to find hyperexecute config file.    No file found at location HyperExecute-Yaml/.hyperexecuteMatrix.yaml    Error while loading hyperexecute configuration file"}
{"level":"debug","time":"2025-03-11T16:41:23.878+0530","caller":"core/lifecycle.go:58","msg":"Quit requested from main goroutine...."}
{"level":"debug","time":"2025-03-11T16:41:23.878+0530","caller":"core/lifecycle.go:59","msg":"Waiting for the goroutines to exit"}
{"level":"debug","time":"2025-03-11T16:41:23.878+0530","caller":"core/lifecycle.go:62","msg":"All lifecycle goroutines exited"}
{"level":"debug","time":"2025-03-11T16:41:23.878+0530","caller":"cmd/bin.go:369","msg":"Exiting application due to error \u001b[91mERR::NO::HTY\u001b[0m     Unable to find hyperexecute config file.    No file found at location HyperExecute-Yaml/.hyperexecuteMatrix.yaml"}
{"level":"debug","time":"2025-03-11T16:53:15.585+0530","caller":"cmd/bin.go:121","msg":"cli os: darwin, cli arch: amd64"}
{"level":"debug","time":"2025-03-11T16:53:16.366+0530","caller":"cmd/bin.go:130","msg":"Upstream version details: {Name:cli Min:0.2.195 Max:0.2.259} "}
{"level":"debug","time":"2025-03-11T16:53:19.163+0530","caller":"core/lifecycle.go:107","msg":"Setting environment"}
{"level":"debug","time":"2025-03-11T16:53:19.165+0530","caller":"core/lifecycle.go:110","msg":"Parsing config"}
{"level":"debug","time":"2025-03-11T16:53:19.165+0530","caller":"yamlconfigmanager/setup.go:693","msg":"Custom location for .hyperexecute.yaml specified. Using: yaml/macos/hyperexecute-webdriver-mac-autosplit.yaml"}
{"level":"error","time":"2025-03-11T16:53:19.165+0530","caller":"core/lifecycle.go:115","msg":"2025-03-11T16:53:14+05:30    error    \u001b[91mERR::NO::HTY\u001b[0m     Unable to find hyperexecute config file.    No file found at location yaml/macos/hyperexecute-webdriver-mac-autosplit.yaml"}
{"level":"debug","time":"2025-03-11T16:53:19.166+0530","caller":"core/lifecycle.go:58","msg":"Quit requested from main goroutine...."}
{"level":"debug","time":"2025-03-11T16:53:19.166+0530","caller":"core/lifecycle.go:59","msg":"Waiting for the goroutines to exit"}
{"level":"debug","time":"2025-03-11T16:53:19.166+0530","caller":"core/lifecycle.go:62","msg":"All lifecycle goroutines exited"}
{"level":"debug","time":"2025-03-11T16:53:19.166+0530","caller":"cmd/bin.go:369","msg":"Exiting application due to error \u001b[91mERR::NO::HTY\u001b[0m     Unable to find hyperexecute config file.    No file found at location yaml/macos/hyperexecute-webdriver-mac-autosplit.yaml"}
{"level":"debug","time":"2025-03-11T16:53:36.350+0530","caller":"cmd/bin.go:121","msg":"cli os: darwin, cli arch: amd64"}
{"level":"debug","time":"2025-03-11T16:53:37.171+0530","caller":"cmd/bin.go:130","msg":"Upstream version details: {Name:cli Min:0.2.195 Max:0.2.259} "}
{"level":"debug","time":"2025-03-11T16:53:40.014+0530","caller":"core/lifecycle.go:107","msg":"Setting environment"}
{"level":"debug","time":"2025-03-11T16:53:40.015+0530","caller":"core/lifecycle.go:110","msg":"Parsing config"}
{"level":"debug","time":"2025-03-11T16:53:40.015+0530","caller":"yamlconfigmanager/setup.go:693","msg":"Custom location for .hyperexecute.yaml specified. Using: yaml/mac/hyperexecute-webdriver-mac-autosplit.yaml"}
{"level":"debug","time":"2025-03-11T16:53:40.016+0530","caller":"yamlconfigmanager/setup.go:115","msg":"using hyperexecute config from : yaml/mac/hyperexecute-webdriver-mac-autosplit.yaml"}
{"level":"debug","time":"2025-03-11T16:53:40.977+0530","caller":"yamlconfigmanager/setup.go:2012","msg":"Autodetecting test type in files of path : /Users/mohitsaini/code/WebdriverIO-HyperExecute-Sample"}
{"level":"debug","time":"2025-03-11T16:53:40.980+0530","caller":"yamlconfigmanager/setup.go:517","msg":"Tunnel: false"}
{"level":"info","time":"2025-03-11T16:53:40.980+0530","caller":"models/HypertestYamlConfig.go:742","msg":"\n\u001b[4m\u001b[1m\u001b[97mExecution Plan\u001b[0m\u001b[22m\u001b[24m"}
{"level":"info","time":"2025-03-11T16:53:40.980+0530","caller":"models/HypertestYamlConfig.go:543","msg":"Mode:    \u001b[36mautosplit\u001b[0m"}
{"level":"info","time":"2025-03-11T16:53:40.981+0530","caller":"models/HypertestYamlConfig.go:603","msg":"Runson:    \u001b[36mmac\u001b[0m"}
{"level":"info","time":"2025-03-11T16:53:40.981+0530","caller":"models/HypertestYamlConfig.go:611","msg":"Concurrency:    \u001b[36m2\u001b[0m"}
{"level":"info","time":"2025-03-11T16:53:40.981+0530","caller":"models/HypertestYamlConfig.go:675","msg":"Report:    \u001b[36mdisabled\u001b[0m"}
{"level":"info","time":"2025-03-11T16:53:40.981+0530","caller":"models/HypertestYamlConfig.go:707","msg":"Cache Directories:"}
{"level":"info","time":"2025-03-11T16:53:40.981+0530","caller":"models/HypertestYamlConfig.go:709","msg":"    \u001b[36mnode_modules\u001b[0m"}
{"level":"info","time":"2025-03-11T16:53:40.981+0530","caller":"models/HypertestYamlConfig.go:755","msg":""}
{"level":"debug","time":"2025-03-11T16:53:40.981+0530","caller":"filevalidator/setup.go:49","msg":"Warning: Checking data.json file in current directory, no dataJsonPath found in .hyperexecute.yaml"}
{"level":"debug","time":"2025-03-11T16:53:40.981+0530","caller":"filevalidator/setup.go:53","msg":"Warning: data.json file doesn't exist"}
{"level":"debug","time":"2025-03-11T16:53:42.005+0530","caller":"core/lifecycle.go:512","msg":"Job ID: 6190ed72-1584-4f8a-820f-947362a0be88"}
{"level":"debug","time":"2025-03-11T16:53:42.006+0530","caller":"events/manager.go:95","msg":"Starting event manager"}
{"level":"debug","time":"2025-03-11T16:53:42.009+0530","caller":"events/manager.go:97","msg":"SSE enabled, getting SSE connection"}
{"level":"debug","time":"2025-03-11T16:53:42.009+0530","caller":"archivemanager/setup.go:340","msg":"digestMap: map[]"}
{"level":"debug","time":"2025-03-11T16:53:42.011+0530","caller":"archivemanager/setup.go:346","msg":"Creating archive of target directory: /Users/mohitsaini/code/WebdriverIO-HyperExecute-Sample"}
{"level":"debug","time":"2025-03-11T16:53:42.063+0530","caller":"core/lifecycle.go:655","msg":"Zip file size: 326.38 kB"}
{"level":"debug","time":"2025-03-11T16:53:42.063+0530","caller":"core/lifecycle.go:665","msg":"Archive location: /Users/mohitsaini/code/WebdriverIO-HyperExecute-Sample/hyperexecute-code-6190ed72-1584-4f8a-820f-947362a0be88.zip\n"}
{"level":"debug","time":"2025-03-11T16:53:42.063+0530","caller":"storage/azure.go:59","msg":"Payload size: 326.38 kB, source path /Users/mohitsaini/code/WebdriverIO-HyperExecute-Sample/hyperexecute-code-6190ed72-1584-4f8a-820f-947362a0be88.zip"}
{"level":"debug","time":"2025-03-11T16:53:42.064+0530","caller":"utils/azcopy.go:143","msg":"Downloading dependency binary ..................."}
{"level":"debug","time":"2025-03-11T16:53:42.236+0530","caller":"utils/azcopy.go:100","msg":"Downloading dependency to upload files"}
{"level":"debug","time":"2025-03-11T16:53:42.737+0530","caller":"storage/azure.go:59","msg":"Payload size: 1.24 kB, source path /var/folders/kj/twtqfwbd6k36z6s7sp7gf6k40000gp/T/git.diff"}
{"level":"debug","time":"2025-03-11T16:53:43.099+0530","caller":"events/manager.go:277","msg":"connection to hyperexecute server established successfully."}
{"level":"info","time":"2025-03-11T16:53:55.535+0530","caller":"utils/azcopy.go:118","msg":"\u001b[91m\u001b[32m✔\u001b[0m Dependency binary downloaded successfully\u001b[0m"}
{"level":"debug","time":"2025-03-11T16:53:55.536+0530","caller":"utils/azcopy.go:190","msg":"returning from fallback"}
{"level":"info","time":"2025-03-11T16:53:59.601+0530","caller":"storage/azure.go:114","msg":"File upload completed in 17.538146392s"}
{"level":"debug","time":"2025-03-11T16:53:59.602+0530","caller":"receptionmanager/setup.go:267","msg":"number of entries in runtimes: 0, switching to new yaml format"}
{"level":"debug","time":"2025-03-11T16:53:59.602+0530","caller":"receptionmanager/setup.go:296","msg":"number of entries in partialreports: 0, switching to new yaml format"}
{"level":"debug","time":"2025-03-11T16:53:59.602+0530","caller":"receptionmanager/setup.go:184","msg":"Uploading yaml : /Users/mohitsaini/code/WebdriverIO-HyperExecute-Sample/.updatedhyperexecute.yaml"}
{"level":"debug","time":"2025-03-11T16:53:59.602+0530","caller":"storage/azure.go:59","msg":"Payload size: 3.21 kB, source path /Users/mohitsaini/code/WebdriverIO-HyperExecute-Sample/.updatedhyperexecute.yaml"}
{"level":"info","time":"2025-03-11T16:54:05.631+0530","caller":"storage/azure.go:114","msg":"File upload completed in 22.894392515s"}
{"level":"info","time":"2025-03-11T16:54:13.667+0530","caller":"storage/azure.go:114","msg":"File upload completed in 14.064638311s"}
{"level":"debug","time":"2025-03-11T16:54:13.667+0530","caller":"core/lifecycle.go:692","msg":"Successfully deleted code archive: /Users/mohitsaini/code/WebdriverIO-HyperExecute-Sample/hyperexecute-code-6190ed72-1584-4f8a-820f-947362a0be88.zip\n"}
{"level":"debug","time":"2025-03-11T16:54:13.668+0530","caller":"storage/azure.go:59","msg":"Payload size: 452 B, source path yaml/mac/mask-6190ed72-1584-4f8a-820f-947362a0be88.yaml"}
{"level":"info","time":"2025-03-11T16:54:23.924+0530","caller":"storage/azure.go:114","msg":"File upload completed in 10.255934955s"}
{"level":"debug","time":"2025-03-11T16:54:26.237+0530","caller":"jobmanager/sse_setup.go:194","msg":"Task id: HYPM-32518-1741692264970083425OMF"}
{"level":"debug","time":"2025-03-11T16:54:26.238+0530","caller":"jobmanager/sse_setup.go:195","msg":"Sending new task alert to stage manager for taskId: HYPM-32518-1741692264970083425OMF"}
{"level":"debug","time":"2025-03-11T16:54:26.238+0530","caller":"jobmanager/sse_setup.go:194","msg":"Task id: HYPM-32518-1741692265014711631ZFX"}
{"level":"debug","time":"2025-03-11T16:54:26.238+0530","caller":"jobmanager/sse_setup.go:195","msg":"Sending new task alert to stage manager for taskId: HYPM-32518-1741692265014711631ZFX"}
{"level":"info","time":"2025-03-11T16:54:29.252+0530","caller":"jobmanager/sse_setup.go:85","msg":"\nJob \u001b[1m\u001b[4m6190ed72-1584-4f8a-820f-947362a0be88\u001b[24m\u001b[22m has started \u001b[97mRUNNING\u001b[0m"}
{"level":"info","time":"2025-03-11T16:54:29.252+0530","caller":"jobmanager/manager.go:142","msg":"Job Link: \u001b[4m\u001b[34mhttps://hyperexecute.lambdatest.com/hyperexecute/task?jobId=6190ed72-1584-4f8a-820f-947362a0be88\u001b[0m\u001b[24m\n"}
{"level":"info","time":"2025-03-11T16:54:31.474+0530","caller":"terminal/terminal.go:187","msg":"\u001b[32m✔\u001b[0m [1]  \u001b[2mcache-download (2s)\u001b[22m\n"}
{"level":"info","time":"2025-03-11T16:54:31.474+0530","caller":"terminal/terminal.go:187","msg":"\u001b[32m✔\u001b[0m [2]  \u001b[2mcache-download (2s)\u001b[22m\n"}
{"level":"info","time":"2025-03-11T16:54:45.264+0530","caller":"terminal/terminal.go:187","msg":"\u001b[32m✔\u001b[0m [1]  \u001b[2mpre (14s)\u001b[22m\n"}
{"level":"info","time":"2025-03-11T16:54:45.294+0530","caller":"terminal/terminal.go:187","msg":"\u001b[32m✔\u001b[0m [2]  \u001b[2mpre (14s)\u001b[22m\n"}
{"level":"info","time":"2025-03-11T16:54:46.084+0530","caller":"terminal/terminal.go:187","msg":"\u001b[32m✔\u001b[0m [1]  \u001b[2mdiscovery (1s)\u001b[22m\n"}
{"level":"info","time":"2025-03-11T16:54:46.085+0530","caller":"terminal/terminal.go:187","msg":"\u001b[32m✔\u001b[0m [2]  \u001b[2mdiscovery (1s)\u001b[22m\n"}
{"level":"info","time":"2025-03-11T16:55:16.311+0530","caller":"terminal/terminal.go:187","msg":"\u001b[32m✔\u001b[0m [1]  \u001b[2mtests/specs/ToDo.js (26s)\u001b[22m\n"}
{"level":"info","time":"2025-03-11T16:55:19.756+0530","caller":"terminal/terminal.go:187","msg":"\u001b[32m✔\u001b[0m [2]  \u001b[2mtests/specs/demo.js (30s)\u001b[22m\n"}
{"level":"debug","time":"2025-03-11T16:57:01.253+0530","caller":"events/manager.go:268","msg":"Connection to server failed, Reconnecting!!"}
{"level":"debug","time":"2025-03-11T16:57:02.893+0530","caller":"events/manager.go:277","msg":"connection to hyperexecute server established successfully."}
{"level":"debug","time":"2025-03-11T16:58:42.943+0530","caller":"events/manager.go:268","msg":"Connection to server failed, Reconnecting!!"}
{"level":"debug","time":"2025-03-11T16:58:44.251+0530","caller":"events/manager.go:277","msg":"connection to hyperexecute server established successfully."}
{"level":"info","time":"2025-03-11T16:59:03.675+0530","caller":"terminal/terminal.go:187","msg":"\u001b[32m✔\u001b[0m [1]  \u001b[2mtests/specs/googleSearch.js (3m44s)\u001b[22m\n"}
{"level":"info","time":"2025-03-11T16:59:29.641+0530","caller":"terminal/terminal.go:187","msg":"\u001b[91mx\u001b[0m [2]  \u001b[2mtests/specs/single_test.js (4m8s)\u001b[22m\n"}
{"level":"debug","time":"2025-03-11T17:00:16.161+0530","caller":"jobmanager/sse_setup.go:136","msg":"\n\nJob status"}
{"level":"info","time":"2025-03-11T17:00:16.165+0530","caller":"core/lifecycle.go:777","msg":"taskId:HYPM-32518-1741692265014711631ZFX has failed with remark: error in running test suites - step 1 - exit status 1\n"}
{"level":"debug","time":"2025-03-11T17:00:16.165+0530","caller":"core/lifecycle.go:875","msg":"Context canceled"}
{"level":"info","time":"2025-03-11T17:00:16.166+0530","caller":"core/lifecycle.go:878","msg":"\u001b[2mStopping pipeline gracefully\u001b[22m"}
{"level":"error","time":"2025-03-11T17:00:16.166+0530","caller":"core/lifecycle.go:881","msg":"2025-03-11T16:53:35+05:30    error    Exiting with error: Failed tasks found."}
{"level":"info","time":"2025-03-11T17:00:16.166+0530","caller":"jobmanager/manager.go:142","msg":"Job Link: \u001b[4m\u001b[34mhttps://hyperexecute.lambdatest.com/hyperexecute/task?jobId=6190ed72-1584-4f8a-820f-947362a0be88\u001b[0m\u001b[24m\n"}
{"level":"debug","time":"2025-03-11T17:00:16.166+0530","caller":"core/lifecycle.go:58","msg":"Quit requested from main goroutine...."}
{"level":"debug","time":"2025-03-11T17:00:16.166+0530","caller":"core/lifecycle.go:59","msg":"Waiting for the goroutines to exit"}
{"level":"info","time":"2025-03-11T17:00:17.074+0530","caller":"jobmanager/JobSummaryManager.go:54","msg":"\n\u001b[101m FAILED \u001b[0m\n"}
{"level":"info","time":"2025-03-11T17:00:17.074+0530","caller":"jobmanager/JobSummaryManager.go:113","msg":"    \u001b[1mTest Execution Time\u001b[22m:                  \u001b[91m1m22s\u001b[0m"}
{"level":"info","time":"2025-03-11T17:00:17.074+0530","caller":"jobmanager/JobSummaryManager.go:113","msg":"    \u001b[1mJob Duration Time\u001b[22m:                    5m46s"}
{"level":"info","time":"2025-03-11T17:00:17.074+0530","caller":"jobmanager/JobSummaryManager.go:113","msg":"    \u001b[1mTotal Tasks\u001b[22m:                          2"}
{"level":"info","time":"2025-03-11T17:00:17.075+0530","caller":"jobmanager/JobSummaryManager.go:113","msg":"    \u001b[1mCumulative Time Consumed\u001b[22m:             11m5s"}
{"level":"info","time":"2025-03-11T17:00:17.075+0530","caller":"jobmanager/JobSummaryManager.go:113","msg":"    \u001b[1mTotal Stages\u001b[22m:                         8"}
{"level":"info","time":"2025-03-11T17:00:17.075+0530","caller":"jobmanager/JobSummaryManager.go:113","msg":"    \u001b[1mPass discovery stage percentage\u001b[22m:      100.00%"}
{"level":"info","time":"2025-03-11T17:00:17.075+0530","caller":"jobmanager/JobSummaryManager.go:113","msg":"    \u001b[1mFailed discovery stage percentage\u001b[22m:    0.00%"}
{"level":"info","time":"2025-03-11T17:00:17.075+0530","caller":"jobmanager/JobSummaryManager.go:113","msg":"    \u001b[1mPass pre stage percentage\u001b[22m:            \u001b[92m100.00%\u001b[0m"}
{"level":"info","time":"2025-03-11T17:00:17.075+0530","caller":"jobmanager/JobSummaryManager.go:113","msg":"    \u001b[1mFailed pre stage percentage\u001b[22m:          0.00%"}
{"level":"info","time":"2025-03-11T17:00:17.075+0530","caller":"jobmanager/JobSummaryManager.go:113","msg":"    \u001b[1mPass test stage percentage\u001b[22m:           75.00%"}
{"level":"info","time":"2025-03-11T17:00:17.075+0530","caller":"jobmanager/JobSummaryManager.go:113","msg":"    \u001b[1mFailed test stage percentage\u001b[22m:         \u001b[91m25.00%\u001b[0m"}
{"level":"info","time":"2025-03-11T17:00:17.075+0530","caller":"jobmanager/JobSummaryManager.go:113","msg":"    \u001b[1mPass post stage percentage\u001b[22m:           0.00%"}
{"level":"info","time":"2025-03-11T17:00:17.075+0530","caller":"jobmanager/JobSummaryManager.go:113","msg":"    \u001b[1mFailed post stage percentage\u001b[22m:         0.00%"}
{"level":"info","time":"2025-03-11T17:00:17.075+0530","caller":"jobmanager/JobSummaryManager.go:113","msg":"    \u001b[1mFailed Tasks\u001b[22m:                         1"}
{"level":"info","time":"2025-03-11T17:00:17.075+0530","caller":"jobmanager/JobSummaryManager.go:58","msg":""}
{"level":"debug","time":"2025-03-11T17:00:46.105+0530","caller":"cmd/bin.go:369","msg":"Exiting application due to error Failed tasks found."}
